{"C:\\Users\\moise\\Desktop\\joshsthings\\Revature\\WeekOne\\Friday\\api_app.js": {"path":"C:\\Users\\moise\\Desktop\\joshsthings\\Revature\\WeekOne\\Friday\\api_app.js","statementMap":{"0":{"start":{"line":1,"column":44},"end":{"line":1,"column":62}},"1":{"start":{"line":3,"column":2},"end":{"line":3,"column":29}},"2":{"start":{"line":5,"column":15},"end":{"line":16,"column":2}},"3":{"start":{"line":10,"column":12},"end":{"line":10,"column":57}},"4":{"start":{"line":17,"column":19},"end":{"line":17,"column":21}},"5":{"start":{"line":18,"column":0},"end":{"line":18,"column":27}},"6":{"start":{"line":21,"column":4},"end":{"line":24,"column":53}},"7":{"start":{"line":26,"column":16},"end":{"line":84,"column":1}},"8":{"start":{"line":28,"column":4},"end":{"line":82,"column":5}},"9":{"start":{"line":29,"column":8},"end":{"line":29,"column":18}},"10":{"start":{"line":30,"column":8},"end":{"line":36,"column":10}},"11":{"start":{"line":30,"column":48},"end":{"line":35,"column":44}},"12":{"start":{"line":37,"column":8},"end":{"line":37,"column":57}},"13":{"start":{"line":38,"column":8},"end":{"line":38,"column":54}},"14":{"start":{"line":39,"column":8},"end":{"line":39,"column":19}},"15":{"start":{"line":42,"column":9},"end":{"line":82,"column":5}},"16":{"start":{"line":44,"column":21},"end":{"line":44,"column":41}},"17":{"start":{"line":45,"column":8},"end":{"line":45,"column":90}},"18":{"start":{"line":46,"column":8},"end":{"line":46,"column":68}},"19":{"start":{"line":47,"column":8},"end":{"line":47,"column":78}},"20":{"start":{"line":48,"column":8},"end":{"line":48,"column":19}},"21":{"start":{"line":50,"column":9},"end":{"line":82,"column":5}},"22":{"start":{"line":53,"column":21},"end":{"line":53,"column":41}},"23":{"start":{"line":54,"column":8},"end":{"line":58,"column":10}},"24":{"start":{"line":55,"column":12},"end":{"line":57,"column":13}},"25":{"start":{"line":56,"column":16},"end":{"line":56,"column":38}},"26":{"start":{"line":59,"column":8},"end":{"line":59,"column":71}},"27":{"start":{"line":60,"column":8},"end":{"line":60,"column":78}},"28":{"start":{"line":61,"column":8},"end":{"line":61,"column":19}},"29":{"start":{"line":63,"column":9},"end":{"line":82,"column":5}},"30":{"start":{"line":66,"column":21},"end":{"line":66,"column":41}},"31":{"start":{"line":67,"column":8},"end":{"line":71,"column":10}},"32":{"start":{"line":68,"column":12},"end":{"line":70,"column":13}},"33":{"start":{"line":69,"column":16},"end":{"line":69,"column":43}},"34":{"start":{"line":72,"column":8},"end":{"line":72,"column":72}},"35":{"start":{"line":73,"column":8},"end":{"line":73,"column":78}},"36":{"start":{"line":74,"column":8},"end":{"line":74,"column":19}},"37":{"start":{"line":78,"column":8},"end":{"line":78,"column":36}},"38":{"start":{"line":79,"column":8},"end":{"line":79,"column":25}},"39":{"start":{"line":80,"column":8},"end":{"line":80,"column":56}},"40":{"start":{"line":81,"column":8},"end":{"line":81,"column":19}},"41":{"start":{"line":86,"column":0},"end":{"line":86,"column":24}}},"fnMap":{"0":{"name":"parseBoolean","decl":{"start":{"line":2,"column":9},"end":{"line":2,"column":21}},"loc":{"start":{"line":2,"column":27},"end":{"line":4,"column":1}},"line":2},"1":{"name":"(anonymous_1)","decl":{"start":{"line":9,"column":22},"end":{"line":9,"column":23}},"loc":{"start":{"line":9,"column":55},"end":{"line":11,"column":9}},"line":9},"2":{"name":"makeItem","decl":{"start":{"line":20,"column":9},"end":{"line":20,"column":17}},"loc":{"start":{"line":20,"column":51},"end":{"line":24,"column":54}},"line":20},"3":{"name":"(anonymous_3)","decl":{"start":{"line":26,"column":16},"end":{"line":26,"column":17}},"loc":{"start":{"line":26,"column":30},"end":{"line":84,"column":1}},"line":26},"4":{"name":"(anonymous_4)","decl":{"start":{"line":30,"column":29},"end":{"line":30,"column":30}},"loc":{"start":{"line":30,"column":46},"end":{"line":36,"column":9}},"line":30},"5":{"name":"(anonymous_5)","decl":{"start":{"line":54,"column":29},"end":{"line":54,"column":30}},"loc":{"start":{"line":54,"column":37},"end":{"line":58,"column":9}},"line":54},"6":{"name":"(anonymous_6)","decl":{"start":{"line":67,"column":29},"end":{"line":67,"column":30}},"loc":{"start":{"line":67,"column":45},"end":{"line":71,"column":9}},"line":67}},"branchMap":{"0":{"loc":{"start":{"line":28,"column":4},"end":{"line":82,"column":5}},"type":"if","locations":[{"start":{"line":28,"column":4},"end":{"line":82,"column":5}},{"start":{"line":42,"column":9},"end":{"line":82,"column":5}}],"line":28},"1":{"loc":{"start":{"line":42,"column":9},"end":{"line":82,"column":5}},"type":"if","locations":[{"start":{"line":42,"column":9},"end":{"line":82,"column":5}},{"start":{"line":50,"column":9},"end":{"line":82,"column":5}}],"line":42},"2":{"loc":{"start":{"line":50,"column":9},"end":{"line":82,"column":5}},"type":"if","locations":[{"start":{"line":50,"column":9},"end":{"line":82,"column":5}},{"start":{"line":63,"column":9},"end":{"line":82,"column":5}}],"line":50},"3":{"loc":{"start":{"line":55,"column":12},"end":{"line":57,"column":13}},"type":"if","locations":[{"start":{"line":55,"column":12},"end":{"line":57,"column":13}},{"start":{},"end":{}}],"line":55},"4":{"loc":{"start":{"line":63,"column":9},"end":{"line":82,"column":5}},"type":"if","locations":[{"start":{"line":63,"column":9},"end":{"line":82,"column":5}},{"start":{"line":77,"column":4},"end":{"line":82,"column":5}}],"line":63},"5":{"loc":{"start":{"line":68,"column":12},"end":{"line":70,"column":13}},"type":"if","locations":[{"start":{"line":68,"column":12},"end":{"line":70,"column":13}},{"start":{},"end":{}}],"line":68}},"s":{"0":1,"1":3,"2":1,"3":8,"4":1,"5":1,"6":3,"7":1,"8":7,"9":1,"10":1,"11":0,"12":1,"13":1,"14":1,"15":6,"16":3,"17":3,"18":3,"19":3,"20":3,"21":3,"22":1,"23":1,"24":1,"25":1,"26":1,"27":1,"28":1,"29":2,"30":1,"31":1,"32":2,"33":2,"34":1,"35":1,"36":1,"37":1,"38":1,"39":1,"40":1,"41":1},"f":{"0":3,"1":8,"2":3,"3":7,"4":0,"5":1,"6":2},"b":{"0":[1,6],"1":[3,3],"2":[1,2],"3":[1,0],"4":[1,1],"5":[2,0]},"_coverageSchema":"1a1c01bbd47fc00a2c39e90264f33305004495a9","hash":"25b0fe1ae081914f00d4b126b70b94528e560879"}
}
