TN:
SF:api_app.js
FN:2,parseBoolean
FN:9,(anonymous_1)
FN:20,makeItem
FN:26,(anonymous_3)
FN:30,(anonymous_4)
FN:54,(anonymous_5)
FN:67,(anonymous_6)
FNF:7
FNH:6
FNDA:3,parseBoolean
FNDA:8,(anonymous_1)
FNDA:3,makeItem
FNDA:7,(anonymous_3)
FNDA:0,(anonymous_4)
FNDA:1,(anonymous_5)
FNDA:2,(anonymous_6)
DA:1,1
DA:3,3
DA:5,1
DA:10,8
DA:17,1
DA:18,1
DA:21,3
DA:26,1
DA:28,7
DA:29,1
DA:30,1
DA:37,1
DA:38,1
DA:39,1
DA:42,6
DA:44,3
DA:45,3
DA:46,3
DA:47,3
DA:48,3
DA:50,3
DA:53,1
DA:54,1
DA:55,1
DA:56,1
DA:59,1
DA:60,1
DA:61,1
DA:63,2
DA:66,1
DA:67,1
DA:68,2
DA:69,2
DA:72,1
DA:73,1
DA:74,1
DA:78,1
DA:79,1
DA:80,1
DA:81,1
DA:86,1
LF:41
LH:41
BRDA:28,0,0,1
BRDA:28,0,1,6
BRDA:42,1,0,3
BRDA:42,1,1,3
BRDA:50,2,0,1
BRDA:50,2,1,2
BRDA:55,3,0,1
BRDA:55,3,1,0
BRDA:63,4,0,1
BRDA:63,4,1,1
BRDA:68,5,0,2
BRDA:68,5,1,0
BRF:12
BRH:10
end_of_record
